This is pdfTeX, Version 3.141592653-2.6-1.40.25 (TeX Live 2023/Fedora 40) (preloaded format=pdflatex 2024.11.11)  17 NOV 2024 20:15
entering extended mode
 restricted \write18 enabled.
 %&-line parsing enabled.
**км5.tex
(./км5.tex
LaTeX2e <2022-11-01> patch level 1
L3 programming layer <2023-02-22>
(/usr/share/texlive/texmf-dist/tex/latex/base/article.cls
Document Class: article 2022/07/02 v1.4n Standard LaTeX document class
(/usr/share/texlive/texmf-dist/tex/latex/base/size10.clo
File: size10.clo 2022/07/02 v1.4n Standard LaTeX file (size option)
)
\c@part=\count185
\c@section=\count186
\c@subsection=\count187
\c@subsubsection=\count188
\c@paragraph=\count189
\c@subparagraph=\count190
\c@figure=\count191
\c@table=\count192
\abovecaptionskip=\skip48
\belowcaptionskip=\skip49
\bibindent=\dimen140
)
(/usr/share/texlive/texmf-dist/tex/latex/amsfonts/amssymb.sty
Package: amssymb 2013/01/14 v3.01 AMS font symbols

(/usr/share/texlive/texmf-dist/tex/latex/amsfonts/amsfonts.sty
Package: amsfonts 2013/01/14 v3.01 Basic AMSFonts support
\@emptytoks=\toks16
\symAMSa=\mathgroup4
\symAMSb=\mathgroup5
LaTeX Font Info:    Redeclaring math symbol \hbar on input line 98.
LaTeX Font Info:    Overwriting math alphabet `\mathfrak' in version `bold'
(Font)                  U/euf/m/n --> U/euf/b/n on input line 106.
))
(/usr/share/texlive/texmf-dist/tex/latex/graphics/graphicx.sty
Package: graphicx 2021/09/16 v1.2d Enhanced LaTeX Graphics (DPC,SPQR)

(/usr/share/texlive/texmf-dist/tex/latex/graphics/keyval.sty
Package: keyval 2022/05/29 v1.15 key=value parser (DPC)
\KV@toks@=\toks17
)
(/usr/share/texlive/texmf-dist/tex/latex/graphics/graphics.sty
Package: graphics 2022/03/10 v1.4e Standard LaTeX Graphics (DPC,SPQR)

(/usr/share/texlive/texmf-dist/tex/latex/graphics/trig.sty
Package: trig 2021/08/11 v1.11 sin cos tan (DPC)
)
(/usr/share/texlive/texmf-dist/tex/latex/graphics-cfg/graphics.cfg
File: graphics.cfg 2016/06/04 v1.11 sample graphics configuration
)
Package graphics Info: Driver file: pdftex.def on input line 107.

(/usr/share/texlive/texmf-dist/tex/latex/graphics-def/pdftex.def
File: pdftex.def 2022/09/22 v1.2b Graphics/color driver for pdftex
))
\Gin@req@height=\dimen141
\Gin@req@width=\dimen142
)
(/usr/share/texlive/texmf-dist/tex/latex/hyperref/hyperref.sty
Package: hyperref 2023-02-07 v7.00v Hypertext links for LaTeX

(/usr/share/texlive/texmf-dist/tex/generic/ltxcmds/ltxcmds.sty
Package: ltxcmds 2020-05-10 v1.25 LaTeX kernel commands for general use (HO)
)
(/usr/share/texlive/texmf-dist/tex/generic/iftex/iftex.sty
Package: iftex 2022/02/03 v1.0f TeX engine tests
)
(/usr/share/texlive/texmf-dist/tex/generic/pdftexcmds/pdftexcmds.sty
Package: pdftexcmds 2020-06-27 v0.33 Utility functions of pdfTeX for LuaTeX (HO
)

(/usr/share/texlive/texmf-dist/tex/generic/infwarerr/infwarerr.sty
Package: infwarerr 2019/12/03 v1.5 Providing info/warning/error messages (HO)
)
Package pdftexcmds Info: \pdf@primitive is available.
Package pdftexcmds Info: \pdf@ifprimitive is available.
Package pdftexcmds Info: \pdfdraftmode found.
)
(/usr/share/texlive/texmf-dist/tex/latex/kvsetkeys/kvsetkeys.sty
Package: kvsetkeys 2022-10-05 v1.19 Key value parser (HO)
)
(/usr/share/texlive/texmf-dist/tex/generic/kvdefinekeys/kvdefinekeys.sty
Package: kvdefinekeys 2019-12-19 v1.6 Define keys (HO)
)
(/usr/share/texlive/texmf-dist/tex/generic/pdfescape/pdfescape.sty
Package: pdfescape 2019/12/09 v1.15 Implements pdfTeX's escape features (HO)
)
(/usr/share/texlive/texmf-dist/tex/latex/hycolor/hycolor.sty
Package: hycolor 2020-01-27 v1.10 Color options for hyperref/bookmark (HO)
)
(/usr/share/texlive/texmf-dist/tex/latex/letltxmacro/letltxmacro.sty
Package: letltxmacro 2019/12/03 v1.6 Let assignment for LaTeX macros (HO)
)
(/usr/share/texlive/texmf-dist/tex/latex/auxhook/auxhook.sty
Package: auxhook 2019-12-17 v1.6 Hooks for auxiliary files (HO)
)
(/usr/share/texlive/texmf-dist/tex/latex/hyperref/nameref.sty
Package: nameref 2022-05-17 v2.50 Cross-referencing by name of section

(/usr/share/texlive/texmf-dist/tex/latex/refcount/refcount.sty
Package: refcount 2019/12/15 v3.6 Data extraction from label references (HO)
)
(/usr/share/texlive/texmf-dist/tex/generic/gettitlestring/gettitlestring.sty
Package: gettitlestring 2019/12/15 v1.6 Cleanup title references (HO)

(/usr/share/texlive/texmf-dist/tex/latex/kvoptions/kvoptions.sty
Package: kvoptions 2022-06-15 v3.15 Key value format for package options (HO)
))
\c@section@level=\count193
)
\@linkdim=\dimen143
\Hy@linkcounter=\count194
\Hy@pagecounter=\count195

(/usr/share/texlive/texmf-dist/tex/latex/hyperref/pd1enc.def
File: pd1enc.def 2023-02-07 v7.00v Hyperref: PDFDocEncoding definition (HO)
Now handling font encoding PD1 ...
... no UTF-8 mapping file for font encoding PD1
)
(/usr/share/texlive/texmf-dist/tex/generic/intcalc/intcalc.sty
Package: intcalc 2019/12/15 v1.3 Expandable calculations with integers (HO)
)
(/usr/share/texlive/texmf-dist/tex/generic/etexcmds/etexcmds.sty
Package: etexcmds 2019/12/15 v1.7 Avoid name clashes with e-TeX commands (HO)
)
\Hy@SavedSpaceFactor=\count196

(/usr/share/texlive/texmf-dist/tex/latex/hyperref/puenc.def
File: puenc.def 2023-02-07 v7.00v Hyperref: PDF Unicode definition (HO)
Now handling font encoding PU ...
... no UTF-8 mapping file for font encoding PU
)
Package hyperref Info: Hyper figures OFF on input line 4177.
Package hyperref Info: Link nesting OFF on input line 4182.
Package hyperref Info: Hyper index ON on input line 4185.
Package hyperref Info: Plain pages OFF on input line 4192.
Package hyperref Info: Backreferencing OFF on input line 4197.
Package hyperref Info: Implicit mode ON; LaTeX internals redefined.
Package hyperref Info: Bookmarks ON on input line 4425.
\c@Hy@tempcnt=\count197

(/usr/share/texlive/texmf-dist/tex/latex/url/url.sty
\Urlmuskip=\muskip16
Package: url 2013/09/16  ver 3.4  Verb mode for urls, etc.
)
LaTeX Info: Redefining \url on input line 4763.
\XeTeXLinkMargin=\dimen144

(/usr/share/texlive/texmf-dist/tex/generic/bitset/bitset.sty
Package: bitset 2019/12/09 v1.3 Handle bit-vector datatype (HO)

(/usr/share/texlive/texmf-dist/tex/generic/bigintcalc/bigintcalc.sty
Package: bigintcalc 2019/12/15 v1.5 Expandable calculations on big integers (HO
)
))
\Fld@menulength=\count198
\Field@Width=\dimen145
\Fld@charsize=\dimen146
Package hyperref Info: Hyper figures OFF on input line 6042.
Package hyperref Info: Link nesting OFF on input line 6047.
Package hyperref Info: Hyper index ON on input line 6050.
Package hyperref Info: backreferencing OFF on input line 6057.
Package hyperref Info: Link coloring OFF on input line 6062.
Package hyperref Info: Link coloring with OCG OFF on input line 6067.
Package hyperref Info: PDF/A mode OFF on input line 6072.

(/usr/share/texlive/texmf-dist/tex/latex/base/atbegshi-ltx.sty
Package: atbegshi-ltx 2021/01/10 v1.0c Emulation of the original atbegshi
package with kernel methods
)
\Hy@abspage=\count199
\c@Item=\count266
\c@Hfootnote=\count267
)
Package hyperref Info: Driver (autodetected): hpdftex.

(/usr/share/texlive/texmf-dist/tex/latex/hyperref/hpdftex.def
File: hpdftex.def 2023-02-07 v7.00v Hyperref driver for pdfTeX

(/usr/share/texlive/texmf-dist/tex/latex/base/atveryend-ltx.sty
Package: atveryend-ltx 2020/08/19 v1.0a Emulation of the original atveryend pac
kage
with kernel methods
)
\Fld@listcount=\count268
\c@bookmark@seq@number=\count269

(/usr/share/texlive/texmf-dist/tex/latex/rerunfilecheck/rerunfilecheck.sty
Package: rerunfilecheck 2022-07-10 v1.10 Rerun checks for auxiliary files (HO)

(/usr/share/texlive/texmf-dist/tex/generic/uniquecounter/uniquecounter.sty
Package: uniquecounter 2019/12/15 v1.4 Provide unlimited unique counter (HO)
)
Package uniquecounter Info: New unique counter `rerunfilecheck' on input line 2
85.
)
\Hy@SectionHShift=\skip50
)
(/usr/share/texlive/texmf-dist/tex/latex/listings/listings.sty
\lst@mode=\count270
\lst@gtempboxa=\box51
\lst@token=\toks18
\lst@length=\count271
\lst@currlwidth=\dimen147
\lst@column=\count272
\lst@pos=\count273
\lst@lostspace=\dimen148
\lst@width=\dimen149
\lst@newlines=\count274
\lst@lineno=\count275
\lst@maxwidth=\dimen150

(/usr/share/texlive/texmf-dist/tex/latex/listings/lstmisc.sty
File: lstmisc.sty 2023/02/27 1.9 (Carsten Heinz)
\c@lstnumber=\count276
\lst@skipnumbers=\count277
\lst@framebox=\box52
)
(/usr/share/texlive/texmf-dist/tex/latex/listings/listings.cfg
File: listings.cfg 2023/02/27 1.9 listings configuration
))
Package: listings 2023/02/27 1.9 (Carsten Heinz)

(/usr/share/texlive/texmf-dist/tex/latex/mathtools/mathtools.sty
Package: mathtools 2022/06/29 v1.29 mathematical typesetting tools

(/usr/share/texlive/texmf-dist/tex/latex/tools/calc.sty
Package: calc 2017/05/25 v4.3 Infix arithmetic (KKT,FJ)
\calc@Acount=\count278
\calc@Bcount=\count279
\calc@Adimen=\dimen151
\calc@Bdimen=\dimen152
\calc@Askip=\skip51
\calc@Bskip=\skip52
LaTeX Info: Redefining \setlength on input line 80.
LaTeX Info: Redefining \addtolength on input line 81.
\calc@Ccount=\count280
\calc@Cskip=\skip53
)
(/usr/share/texlive/texmf-dist/tex/latex/mathtools/mhsetup.sty
Package: mhsetup 2021/03/18 v1.4 programming setup (MH)
)
(/usr/share/texlive/texmf-dist/tex/latex/amsmath/amsmath.sty
Package: amsmath 2022/04/08 v2.17n AMS math features
\@mathmargin=\skip54

For additional information on amsmath, use the `?' option.
(/usr/share/texlive/texmf-dist/tex/latex/amsmath/amstext.sty
Package: amstext 2021/08/26 v2.01 AMS text

(/usr/share/texlive/texmf-dist/tex/latex/amsmath/amsgen.sty
File: amsgen.sty 1999/11/30 v2.0 generic functions
\@emptytoks=\toks19
\ex@=\dimen153
))
(/usr/share/texlive/texmf-dist/tex/latex/amsmath/amsbsy.sty
Package: amsbsy 1999/11/29 v1.2d Bold Symbols
\pmbraise@=\dimen154
)
(/usr/share/texlive/texmf-dist/tex/latex/amsmath/amsopn.sty
Package: amsopn 2022/04/08 v2.04 operator names
)
\inf@bad=\count281
LaTeX Info: Redefining \frac on input line 234.
\uproot@=\count282
\leftroot@=\count283
LaTeX Info: Redefining \overline on input line 399.
LaTeX Info: Redefining \colon on input line 410.
\classnum@=\count284
\DOTSCASE@=\count285
LaTeX Info: Redefining \ldots on input line 496.
LaTeX Info: Redefining \dots on input line 499.
LaTeX Info: Redefining \cdots on input line 620.
\Mathstrutbox@=\box53
\strutbox@=\box54
LaTeX Info: Redefining \big on input line 722.
LaTeX Info: Redefining \Big on input line 723.
LaTeX Info: Redefining \bigg on input line 724.
LaTeX Info: Redefining \Bigg on input line 725.
\big@size=\dimen155
LaTeX Font Info:    Redeclaring font encoding OML on input line 743.
LaTeX Font Info:    Redeclaring font encoding OMS on input line 744.
\macc@depth=\count286
LaTeX Info: Redefining \bmod on input line 905.
LaTeX Info: Redefining \pmod on input line 910.
LaTeX Info: Redefining \smash on input line 940.
LaTeX Info: Redefining \relbar on input line 970.
LaTeX Info: Redefining \Relbar on input line 971.
\c@MaxMatrixCols=\count287
\dotsspace@=\muskip17
\c@parentequation=\count288
\dspbrk@lvl=\count289
\tag@help=\toks20
\row@=\count290
\column@=\count291
\maxfields@=\count292
\andhelp@=\toks21
\eqnshift@=\dimen156
\alignsep@=\dimen157
\tagshift@=\dimen158
\tagwidth@=\dimen159
\totwidth@=\dimen160
\lineht@=\dimen161
\@envbody=\toks22
\multlinegap=\skip55
\multlinetaggap=\skip56
\mathdisplay@stack=\toks23
LaTeX Info: Redefining \[ on input line 2953.
LaTeX Info: Redefining \] on input line 2954.
)
\g_MT_multlinerow_int=\count293
\l_MT_multwidth_dim=\dimen162
\origjot=\skip57
\l_MT_shortvdotswithinadjustabove_dim=\dimen163
\l_MT_shortvdotswithinadjustbelow_dim=\dimen164
\l_MT_above_intertext_sep=\dimen165
\l_MT_below_intertext_sep=\dimen166
\l_MT_above_shortintertext_sep=\dimen167
\l_MT_below_shortintertext_sep=\dimen168
\xmathstrut@box=\box55
\xmathstrut@dim=\dimen169
)

! LaTeX Error: File `maple.sty' not found.

Type X to quit or <RETURN> to proceed,
or enter new name. (Default extension: sty)

Enter file name: 
(/usr/share/texlive/texmf-dist/tex/latex/base/inputenc.sty
Package: inputenc 2021/02/14 v1.3d Input encoding file
\inpenc@prehook=\toks24
\inpenc@posthook=\toks25
)
(/usr/share/texlive/texmf-dist/tex/latex/xcolor/xcolor.sty
Package: xcolor 2022/06/12 v2.14 LaTeX color extensions (UK)

(/usr/share/texlive/texmf-dist/tex/latex/graphics-cfg/color.cfg
File: color.cfg 2016/01/02 v1.6 sample color configuration
)
Package xcolor Info: Driver file: pdftex.def on input line 227.

(/usr/share/texlive/texmf-dist/tex/latex/graphics/mathcolor.ltx)
Package xcolor Info: Model `cmy' substituted by `cmy0' on input line 1353.
Package xcolor Info: Model `hsb' substituted by `rgb' on input line 1357.
Package xcolor Info: Model `RGB' extended on input line 1369.
Package xcolor Info: Model `HTML' substituted by `rgb' on input line 1371.
Package xcolor Info: Model `Hsb' substituted by `hsb' on input line 1372.
Package xcolor Info: Model `tHsb' substituted by `hsb' on input line 1373.
Package xcolor Info: Model `HSB' substituted by `hsb' on input line 1374.
Package xcolor Info: Model `Gray' substituted by `gray' on input line 1375.
Package xcolor Info: Model `wave' substituted by `hsb' on input line 1376.

(/usr/share/texlive/texmf-dist/tex/latex/xcolor/svgnam.def
File: svgnam.def 2022/06/12 v2.14 Predefined colors according to SVG 1.1 (UK)
))
(/usr/share/texlive/texmf-dist/tex/latex/breqn/breqn.sty
(/usr/share/texlive/texmf-dist/tex/latex/l3kernel/expl3.sty
Package: expl3 2023-02-22 L3 programming layer (loader) 

(/usr/share/texlive/texmf-dist/tex/latex/l3backend/l3backend-pdftex.def
File: l3backend-pdftex.def 2023-01-16 L3 backend support: PDF output (pdfTeX)
\l__color_backend_stack_int=\count294
\l__pdf_internal_box=\box56
))
Package: breqn 2021/10/28 v0.98l Breaking equations

(/usr/share/texlive/texmf-dist/tex/latex/breqn/flexisym.sty
Package: flexisym 2021/10/28 v0.98l Make math characters macros
LaTeX Info: Redefining \textprime on input line 299.
LaTeX Info: Redefining \not on input line 357.

(/usr/share/texlive/texmf-dist/tex/latex/breqn/cmbase.sym
File: cmbase.sym 2007/12/19 v0.92
LaTeX Info: Redefining \hbar on input line 324.
LaTeX Info: Redefining \surd on input line 326.
LaTeX Info: Redefining \angle on input line 334.
LaTeX Info: Redefining \neq on input line 335.
LaTeX Info: Redefining \mapsto on input line 336.
LaTeX Info: Redefining \cong on input line 337.
LaTeX Info: Redefining \notin on input line 340.
LaTeX Info: Redefining \rightleftharpoons on input line 341.
LaTeX Info: Redefining \doteq on input line 342.
LaTeX Info: Redefining \hookrightarrow on input line 343.
LaTeX Info: Redefining \hookleftarrow on input line 344.
LaTeX Info: Redefining \bowtie on input line 345.
LaTeX Info: Redefining \models on input line 346.
LaTeX Info: Redefining \Longrightarrow on input line 347.
LaTeX Info: Redefining \longrightarrow on input line 348.
LaTeX Info: Redefining \Longleftarrow on input line 349.
LaTeX Info: Redefining \longleftarrow on input line 350.
LaTeX Info: Redefining \longmapsto on input line 351.
LaTeX Info: Redefining \longleftrightarrow on input line 352.
LaTeX Info: Redefining \Longleftrightarrow on input line 353.
LaTeX Info: Redefining \cdots on input line 357.
LaTeX Info: Redefining \vdots on input line 360.
LaTeX Info: Redefining \ddots on input line 365.
)
(/usr/share/texlive/texmf-dist/tex/latex/breqn/mathstyle.sty
Package: mathstyle 2021/10/28 v0.98l Tracking mathstyle implicitly
LaTeX Info: Redefining \displaystyle on input line 95.
LaTeX Info: Redefining \textstyle on input line 97.
LaTeX Info: Redefining \scriptstyle on input line 99.
LaTeX Info: Redefining \scriptscriptstyle on input line 101.
LaTeX Info: Redefining \genfrac on input line 149.
))
\inf@bad=\count295
\maxint=\count296
\listwidth=\dimen170
\eqnumsep=\dimen171
\eqmargin=\dimen172
\eqlinespacing=\skip58
\eqlineskip=\skip59
\eqlineskiplimit=\dimen173
\eqbinoffset=\muskip18
\eqdelimoffset=\muskip19
\eqindentstep=\dimen174
\eqstyle=\toks26
\eqbreakdepth=\count297
\eqinterlinepenalty=\count298
\intereqpenalty=\count299
\intereqskip=\skip60
\prerelpenalty=\count300
\prebinoppenalty=\count301
\Dmedmuskip=\muskip20
\Dthickmuskip=\muskip21
\eqleftskip=\skip61
\eqrightskip=\skip62
\eq@vspan=\skip63
\eq@binoffset=\muskip22
\EQ@box=\box57
\EQ@copy=\box58
\EQ@numbox=\box59
\eq@wdNum=\dimen175
\GRP@numbox=\box60
\grp@wdNum=\dimen176
\eq@lines=\count302
\eq@curline=\count303
\eq@badness=\count304
\EQ@vims=\count305
\eq@dp=\dimen177
\eq@wdL=\dimen178
\eq@wdT=\dimen179
\eq@wdMin=\dimen180
\grp@wdL=\dimen181
\grp@wdR=\dimen182
\grp@wdT=\dimen183
\eq@wdRmax=\dimen184
\eq@firstht=\dimen185
\eq@wdCond=\dimen186
\eq@indentstep=\dimen187
\eq@linewidth=\dimen188
\grp@linewidth=\dimen189
\eq@hshift=\dimen190
\eq@given@sidespace=\dimen191
\mathindent=\dimen192
\eq@final@linecount=\count306
\eq@wdR=\dimen193
\EQ@continue=\toks27
\lr@level=\count307
\GRP@queue=\toks28
\GRP@box=\box61
\GRP@wholebox=\box62
\darraycolsep=\skip64
\cur@row=\count308
\cur@col=\count309
\conditionsep=\skip65
)
(/usr/share/texlive/texmf-dist/tex/latex/base/textcomp.sty
Package: textcomp 2020/02/02 v2.0n Standard LaTeX package
)
No file км5.aux.
\openout1 = `км5.aux'.

LaTeX Font Info:    Checking defaults for OML/cmm/m/it on input line 16.
LaTeX Font Info:    ... okay on input line 16.
LaTeX Font Info:    Checking defaults for OMS/cmsy/m/n on input line 16.
LaTeX Font Info:    ... okay on input line 16.
LaTeX Font Info:    Checking defaults for OT1/cmr/m/n on input line 16.
LaTeX Font Info:    ... okay on input line 16.
LaTeX Font Info:    Checking defaults for T1/cmr/m/n on input line 16.
LaTeX Font Info:    ... okay on input line 16.
LaTeX Font Info:    Checking defaults for TS1/cmr/m/n on input line 16.
LaTeX Font Info:    ... okay on input line 16.
LaTeX Font Info:    Checking defaults for OMX/cmex/m/n on input line 16.
LaTeX Font Info:    ... okay on input line 16.
LaTeX Font Info:    Checking defaults for U/cmr/m/n on input line 16.
LaTeX Font Info:    ... okay on input line 16.
LaTeX Font Info:    Checking defaults for PD1/pdf/m/n on input line 16.
LaTeX Font Info:    ... okay on input line 16.
LaTeX Font Info:    Checking defaults for PU/pdf/m/n on input line 16.
LaTeX Font Info:    ... okay on input line 16.
(/usr/share/texlive/texmf-dist/tex/context/base/mkii/supp-pdf.mkii
[Loading MPS to PDF converter (version 2006.09.02).]
\scratchcounter=\count310
\scratchdimen=\dimen194
\scratchbox=\box63
\nofMPsegments=\count311
\nofMParguments=\count312
\everyMPshowfont=\toks29
\MPscratchCnt=\count313
\MPscratchDim=\dimen195
\MPnumerator=\count314
\makeMPintoPDFobject=\count315
\everyMPtoPDFconversion=\toks30
) (/usr/share/texlive/texmf-dist/tex/latex/epstopdf-pkg/epstopdf-base.sty
Package: epstopdf-base 2020-01-24 v2.11 Base part for package epstopdf
Package epstopdf-base Info: Redefining graphics rule for `.eps' on input line 4
85.

(/usr/share/texlive/texmf-dist/tex/latex/latexconfig/epstopdf-sys.cfg
File: epstopdf-sys.cfg 2010/07/13 v1.3 Configuration of (r)epstopdf for TeX Liv
e
))
Package hyperref Info: Link coloring OFF on input line 16.
\@outlinefile=\write3
\openout3 = `км5.out'.

\c@lstlisting=\count316

! Undefined control sequence.
l.19 \DefineParaStyle
                     {Maple Bullet Item}
? 
! Undefined control sequence.
l.20 \DefineParaStyle
                     {Maple Heading 1}
? 
! Undefined control sequence.
l.21 \DefineParaStyle
                     {Maple Warning}
? 
! Undefined control sequence.
l.22 \DefineParaStyle
                     {Maple Heading 4}
? 
! Undefined control sequence.
l.23 \DefineParaStyle
                     {Maple Heading 2}
? 
! Undefined control sequence.
l.24 \DefineParaStyle
                     {Maple Heading 3}
? 
! Undefined control sequence.
l.25 \DefineParaStyle
                     {Maple Dash Item}
? 
! Undefined control sequence.
l.26 \DefineParaStyle
                     {Maple Error}
? 
! Undefined control sequence.
l.27 \DefineParaStyle
                     {Maple Title}
? 
! Undefined control sequence.
l.28 \DefineParaStyle
                     {Maple Ordered List 1}
? 
! Undefined control sequence.
l.29 \DefineParaStyle
                     {Maple Text Output}
? 
! Undefined control sequence.
l.30 \DefineParaStyle
                     {Maple Ordered List 2}
? 
! Undefined control sequence.
l.31 \DefineParaStyle
                     {Maple Ordered List 3}
? 
! Undefined control sequence.
l.32 \DefineParaStyle
                     {Maple Normal}
? 
! Undefined control sequence.
l.33 \DefineParaStyle
                     {Maple Ordered List 4}
? 
! Undefined control sequence.
l.34 \DefineParaStyle
                     {Maple Ordered List 5}
? 
! Undefined control sequence.
l.35 \DefineCharStyle
                     {Maple 2D Output}
? 
! Undefined control sequence.
l.36 \DefineCharStyle
                     {Maple 2D Input}
? 
! Undefined control sequence.
l.37 \DefineCharStyle
                     {Maple Maple Input}
? 
! Undefined control sequence.
l.38 \DefineCharStyle
                     {Maple 2D Math}
? 
! Undefined control sequence.
l.39 \DefineCharStyle
                     {Maple Hyperlink}
? 

! LaTeX Error: Environment Maple Normal undefined.

See the LaTeX manual or LaTeX Companion for explanation.
Type  H <return>  for immediate help.
 ...                                              
                                                  
l.40 \begin{Maple Normal}
                         
? 
LaTeX Font Info:    Trying to load font information for U+msa on input line 41.

(/usr/share/texlive/texmf-dist/tex/latex/amsfonts/umsa.fd
File: umsa.fd 2013/01/14 v3.01 AMS symbols A
)
LaTeX Font Info:    Trying to load font information for U+msb on input line 41.


(/usr/share/texlive/texmf-dist/tex/latex/amsfonts/umsb.fd
File: umsb.fd 2013/01/14 v3.01 AMS symbols B
)
! Undefined control sequence.
<recently read> \esRcy 
                       
l.43  \esRcy
             \esacy \esscy \espcy \esicy \esshcy \esiecy \esmcy \esucy \esrc...

? 
! Undefined control sequence.
l.43  \esRcy \esacy
                    \esscy \espcy \esicy \esshcy \esiecy \esmcy \esucy \esrc...

? 
! Undefined control sequence.
l.43  \esRcy \esacy \esscy
                           \espcy \esicy \esshcy \esiecy \esmcy \esucy \esrc...

? 
! Undefined control sequence.
l.43  \esRcy \esacy \esscy \espcy
                                  \esicy \esshcy \esiecy \esmcy \esucy \esrc...

? 
! Undefined control sequence.
l.43  \esRcy \esacy \esscy \espcy \esicy
                                         \esshcy \esiecy \esmcy \esucy \esrc...

? 
! Undefined control sequence.
l.43  \esRcy \esacy \esscy \espcy \esicy \esshcy
                                                 \esiecy \esmcy \esucy \esrc...

? 
! Undefined control sequence.
l.43 ...esacy \esscy \espcy \esicy \esshcy \esiecy
                                                   \esmcy \esucy \esrcy \esa...

? 
! Undefined control sequence.
l.43 ...esscy \espcy \esicy \esshcy \esiecy \esmcy
                                                   \esucy \esrcy \esacy \esv...

? 
! Undefined control sequence.
l.43 ...espcy \esicy \esshcy \esiecy \esmcy \esucy
                                                   \esrcy \esacy \esvcy \esn...

? 
! Undefined control sequence.
l.43 ...esicy \esshcy \esiecy \esmcy \esucy \esrcy
                                                   \esacy \esvcy \esncy \esi...

? 
! Undefined control sequence.
l.43 ...esshcy \esiecy \esmcy \esucy \esrcy \esacy
                                                   \esvcy \esncy \esiecy \es...

? 
! Undefined control sequence.
l.43 ...\esiecy \esmcy \esucy \esrcy \esacy \esvcy
                                                   \esncy \esiecy \esncy \es...

? 
! Undefined control sequence.
l.43 ... \esmcy \esucy \esrcy \esacy \esvcy \esncy
                                                   \esiecy \esncy \esicy \es...

? 
! Undefined control sequence.
l.43 ...\esucy \esrcy \esacy \esvcy \esncy \esiecy
                                                   \esncy \esicy \esyacy \es...

? 
! Undefined control sequence.
l.43 ...\esrcy \esacy \esvcy \esncy \esiecy \esncy
                                                   \esicy \esyacy \esdcy \es...

? 
! Undefined control sequence.
l.43 ...\esacy \esvcy \esncy \esiecy \esncy \esicy
                                                   \esyacy \esdcy \esvcy \es...

? 
! Undefined control sequence.
l.43 ...esvcy \esncy \esiecy \esncy \esicy \esyacy
                                                   \esdcy \esvcy \esicy \esz...

? 
! Undefined control sequence.
l.43 ...esncy \esiecy \esncy \esicy \esyacy \esdcy
                                                   \esvcy \esicy \eszhcy \es...

? 
! Undefined control sequence.
l.43 ...esiecy \esncy \esicy \esyacy \esdcy \esvcy
                                                   \esicy \eszhcy \esiecy \e...

? 
! Undefined control sequence.
l.43 ...\esncy \esicy \esyacy \esdcy \esvcy \esicy
                                                   \eszhcy \esiecy \esncy \e...

? 
! Undefined control sequence.
l.43 ...esicy \esyacy \esdcy \esvcy \esicy \eszhcy
                                                   \esiecy \esncy \esicy \es...

? 
! Undefined control sequence.
l.43 ...syacy \esdcy \esvcy \esicy \eszhcy \esiecy
                                                   \esncy \esicy \esyacy \es...

? 
! Undefined control sequence.
l.43 ...esdcy \esvcy \esicy \eszhcy \esiecy \esncy
                                                   \esicy \esyacy \esvcy \es...

? 
! Undefined control sequence.
l.43 ...esvcy \esicy \eszhcy \esiecy \esncy \esicy
                                                   \esyacy \esvcy \esycy \es...

? 
! Undefined control sequence.
l.43 ...sicy \eszhcy \esiecy \esncy \esicy \esyacy
                                                   \esvcy \esycy \eskhcy \es...

? 
! Undefined control sequence.
l.43 ...szhcy \esiecy \esncy \esicy \esyacy \esvcy
                                                   \esycy \eskhcy \esocy \es...

? 
! Undefined control sequence.
l.43 ...esiecy \esncy \esicy \esyacy \esvcy \esycy
                                                   \eskhcy \esocy \esdcy \es...

? 
! Undefined control sequence.
l.43 ...esncy \esicy \esyacy \esvcy \esycy \eskhcy
                                                   \esocy \esdcy \esncy \eso...

? 
! Undefined control sequence.
l.43 ...esicy \esyacy \esvcy \esycy \eskhcy \esocy
                                                   \esdcy \esncy \esocy \esg...

? 
! Undefined control sequence.
l.43 ...esyacy \esvcy \esycy \eskhcy \esocy \esdcy
                                                   \esncy \esocy \esgcy \eso...

? 
! Undefined control sequence.
l.43 ...\esvcy \esycy \eskhcy \esocy \esdcy \esncy
                                                   \esocy \esgcy \esocy \esz...

? 
! Undefined control sequence.
l.43 ...\esycy \eskhcy \esocy \esdcy \esncy \esocy
                                                   \esgcy \esocy \eszcy \esv...

? 
! Undefined control sequence.
l.43 ...\eskhcy \esocy \esdcy \esncy \esocy \esgcy
                                                   \esocy \eszcy \esvcy \esi...

? 
! Undefined control sequence.
l.43 ... \esocy \esdcy \esncy \esocy \esgcy \esocy
                                                   \eszcy \esvcy \esiecy \es...

? 
! Undefined control sequence.
l.43 ... \esdcy \esncy \esocy \esgcy \esocy \eszcy
                                                   \esvcy \esiecy \esncy \es...

? 
! Undefined control sequence.
l.43 ... \esncy \esocy \esgcy \esocy \eszcy \esvcy
                                                   \esiecy \esncy \esacy \ma...

? 
! Undefined control sequence.
l.43 ...\esocy \esgcy \esocy \eszcy \esvcy \esiecy
                                                   \esncy \esacy \mathrm{A}\...

? 
! Undefined control sequence.
l.43 ...\esgcy \esocy \eszcy \esvcy \esiecy \esncy
                                                   \esacy \mathrm{A}\colon
? 
! Undefined control sequence.
l.43 ...\esocy \eszcy \esvcy \esiecy \esncy \esacy
                                                   \mathrm{A}\colon
? 

! LaTeX Error: \begin{document} ended by \end{Maple Normal}.

See the LaTeX manual or LaTeX Companion for explanation.
Type  H <return>  for immediate help.
 ...                                              
                                                  
l.58 \end{Maple Normal}
                       
? 
! Missing { inserted.
<to be read again> 
                   \let 
l.61 \mathit{xA} \coloneqq
                           \mathit{l2} \cos \! \left(\phi2 \right)+\mathit{d...

? 
! Missing } inserted.
<inserted text> 
                }
l.62 \end{dmath*}
                 
? 
! Interruption.
\eq@repack ... \tw@ \lastbox \eq@repacka \EQ@copy 
                                                  \eq@repacka \EQ@box \unski...
l.62 \end{dmath*}
                 
? 
! Interruption.
\eq@repack ... \tw@ \lastbox \eq@repacka \EQ@copy 
                                                  \eq@repacka \EQ@box \unski...
l.62 \end{dmath*}
                 
? 
! Interruption.
\eq@repack ... \tw@ \lastbox \eq@repacka \EQ@copy 
                                                  \eq@repacka \EQ@box \unski...
l.62 \end{dmath*}
                 
? 
! Interruption.
\eq@repacka ...se \penalty -\count@ \fi \unhbox #1
                                                  }
l.62 \end{dmath*}
                 
? 
! Emergency stop.
\eq@repacka ...se \penalty -\count@ \fi \unhbox #1
                                                  }
l.62 \end{dmath*}
                 
End of file on the terminal!

 
Here is how much of TeX's memory you used:
 12774 strings out of 476034
 196698 string characters out of 5792853
 2144388 words of memory out of 6000000
 33084 multiletter control sequences out of 15000+600000
 515030 words of font info for 43 fonts, out of 8000000 for 9000
 1137 hyphenation exceptions out of 8191
 75i,8n,85p,317b,262s stack positions out of 10000i,1000n,20000p,200000b,200000s
!  ==> Fatal error occurred, no output PDF file produced!
